2026-06-17T06:29:53.0128739Z     __ __          __      __    _ __     
2026-06-17T06:29:53.0770795Z    / //_/_  _ ____/ /_  __/ /   (_) /____ 
2026-06-17T06:29:53.0770948Z   / ,< / / / / __  / / / / /   / / __/ _  
2026-06-17T06:29:53.0770991Z  / /| / /_/ / /_/ / /_/ / /___/ / /_/  __/
2026-06-17T06:29:53.0771022Z /_/ |_\__,_/\__,_/\__,_/_____/_/\__/\___/ 
2026-06-17T06:29:53.0771054Z 
2026-06-17T06:29:53.0771102Z                                           
2026-06-17T06:29:53.0771154Z DEBUG CONSOLE | AZURE APP SERVICE ON LINUX
2026-06-17T06:29:53.0771185Z 
2026-06-17T06:29:53.0771220Z Documentation: http://aka.ms/webapp-linux
2026-06-17T06:29:53.0771255Z Kudu Version : 20260513.7
2026-06-17T06:29:53.0771289Z Commit       : b50d86d9b8573549200649bf549408e5bf953c23
2026-06-17T06:29:53.0771322Z Instance Name: pl1sdlwk00003N
2026-06-17T06:29:53.0771363Z Instance Id  : f3ff57f71b2c4e537c6934ce400c1d746a7921df927dbbe081ea139f9a0de0f8
2026-06-17T06:29:53.0771394Z 
2026-06-17T06:29:53.1529815Z chown: changing ownership of '/temp': Operation not permitted
2026-06-17T06:29:53.1657972Z chmod: changing permissions of '/temp': Operation not permitted
2026-06-17T06:29:53.6017278Z Restarting OpenBSD Secure Shell server: sshd.
2026-06-17T06:29:53.6281364Z node not running, starting node /opt/webssh/index.js
2026-06-17T06:29:56.4124543Z Wed Jun 17 06:29:56 UTC 2026 running .net core
2026-06-17T06:29:57.5286385Z Startup : 06.29.57.519122
2026-06-17T06:29:57.5644612Z Configure Services : 06.29.57.564308
2026-06-17T06:29:57.7182111Z Configure : 06.29.57.718021
2026-06-17T06:29:57.9108917Z Setting Up Routes : 06.29.57.870431
2026-06-17T06:29:57.9109634Z Exiting Configure : 06.29.57.908364
2026-06-17T06:29:58.0599654Z Hosting environment: Production
2026-06-17T06:29:58.0599956Z Content root path: /opt/Kudu
2026-06-17T06:29:58.0600009Z Now listening on: http://0.0.0.0:8181
2026-06-17T06:29:58.0600052Z Application started. Press Ctrl+C to shut down.
